
============================================================
Session ended: 2025-09-30 03:19:05
Total Harvests: 60
Total Sells: 1
Total Moves: 60
Runtime: 00:01:09
Harvests/Hour: 3100.6
Errors: 119
============================================================

============================================================
Session ended: 2025-09-30 03:23:03
Total Harvests: 46
Total Sells: 2
Total Moves: 46
Runtime: 00:00:55
Harvests/Hour: 2961.5
Errors: 0
============================================================

============================================================
Session ended: 2025-09-30 03:25:24
Total Harvests: 106
Total Sells: 3
Total Moves: 113
Runtime: 00:02:07
Harvests/Hour: 2986.7
Errors: 0
============================================================
