
============================================================
Session ended: 2025-09-30 03:19:05
Total Harvests: 60
Total Sells: 1
Total Moves: 60
Runtime: 00:01:09
Harvests/Hour: 3100.6
Errors: 119
============================================================

============================================================
Session ended: 2025-09-30 03:23:03
Total Harvests: 46
Total Sells: 2
Total Moves: 46
Runtime: 00:00:55
Harvests/Hour: 2961.5
Errors: 0
============================================================

============================================================
Session ended: 2025-09-30 03:25:24
Total Harvests: 106
Total Sells: 3
Total Moves: 113
Runtime: 00:02:07
Harvests/Hour: 2986.7
Errors: 0
============================================================

============================================================
Session ended: 2025-09-30 03:28:12
Total Harvests: 12
Total Sells: 0
Total Moves: 11
Runtime: 00:00:12
Harvests/Hour: 3341.4
Errors: 0
============================================================

============================================================
Session ended: 2025-09-30 04:07:55
Total Harvests: 1916
Total Sells: 48
Total Moves: 2068
Runtime: 00:38:17
Harvests/Hour: 3002.4
Errors: 0
============================================================
